<?xml version="1.0" encoding="UTF-8"?>
<testsuite name="com.deco2800.marswars.entities.BaseTest" tests="5" skipped="0" failures="0" errors="0" timestamp="2017-10-22T17:32:20" hostname="freddys-MacBook-Pro.local" time="0.001">
  <properties/>
  <testcase name="constructorTest" classname="com.deco2800.marswars.entities.BaseTest" time="0.0"/>
  <testcase name="testActions" classname="com.deco2800.marswars.entities.BaseTest" time="0.0"/>
  <testcase name="checkOwner" classname="com.deco2800.marswars.entities.BaseTest" time="0.0"/>
  <testcase name="checkSelection" classname="com.deco2800.marswars.entities.BaseTest" time="0.0"/>
  <testcase name="checkProgress" classname="com.deco2800.marswars.entities.BaseTest" time="0.0"/>
  <system-out><![CDATA[]]></system-out>
  <system-err><![CDATA[]]></system-err>
</testsuite>
